<?xml version="1.0" encoding="UTF-8"?>
<testsuite name="com.fenago.phonebook.EmployeeTest" tests="2" skipped="0" failures="0" errors="0" timestamp="2021-12-04T21:37:57" hostname="54f72a1ed9a2" time="0.002">
  <properties/>
  <testcase name="testWrite" classname="com.fenago.phonebook.EmployeeTest" time="0.001"/>
  <testcase name="test" classname="com.fenago.phonebook.EmployeeTest" time="0.0"/>
  <system-out><![CDATA[]]></system-out>
  <system-err><![CDATA[]]></system-err>
</testsuite>
